2021-04-24 12:33:10 [main] INFO  by.epam.learn.LogMain - first info first prg
2021-04-24 12:33:10 [main] WARN  by.epam.learn.LogMain - Warning ! Loggers !
2021-04-24 12:33:10 [main] ERROR by.epam.learn.LogMain - runtime
java.lang.RuntimeException: Exception 1
	at by.epam.learn.LogMain.main(LogMain.java:15) [classes/:?]
2021-04-24 12:34:00 [main] INFO  by.epam.learn.LogMain - first info first prg
2021-04-24 12:34:00 [main] WARN  by.epam.learn.LogMain - Warning ! Loggers !
2021-04-24 12:34:00 [main] ERROR by.epam.learn.LogMain - runtime
java.lang.RuntimeException: Exception 1
	at by.epam.learn.LogMain.main(LogMain.java:15) [classes/:?]
2021-04-24 12:35:36 [main] INFO  Log_File - first info first prg
2021-04-24 12:35:36 [main] WARN  Log_File - Warning ! Loggers !
2021-04-24 12:35:36 [main] ERROR Log_File - runtime
java.lang.RuntimeException: Exception 1
	at by.epam.learn.LogMain.main(LogMain.java:15) [classes/:?]
2021-04-24 12:36:00 [main] INFO  by.epam.learn.LogMain - first info first prg
2021-04-24 12:36:00 [main] WARN  by.epam.learn.LogMain - Warning ! Loggers !
2021-04-24 12:36:00 [main] ERROR by.epam.learn.LogMain - runtime
java.lang.RuntimeException: Exception 1
	at by.epam.learn.LogMain.main(LogMain.java:15) [classes/:?]
2021-04-24 12:50:43 [main] INFO  by.epam.learn.LogMain - first info first prg
2021-04-24 12:50:43 [main] WARN  by.epam.learn.LogMain - Warning ! Loggers !
2021-04-24 12:50:43 [main] ERROR by.epam.learn.LogMain - runtime
java.lang.RuntimeException: Exception 1
	at by.epam.learn.LogMain.main(LogMain.java:15) [classes/:?]
2021-04-24 12:53:33 [main] INFO  by.epam.learn.LogMain - first info first prg
2021-04-24 12:53:33 [main] WARN  by.epam.learn.LogMain - Warning ! Loggers !
2021-04-24 12:53:33 [main] ERROR by.epam.learn.LogMain - runtime
java.lang.RuntimeException: Exception 1
	at by.epam.learn.LogMain.main(LogMain.java:15) [classes/:?]
2021-04-24 12:53:54 [main] INFO  by.epam.learn.LogMain - first info first prg
2021-04-24 12:53:54 [main] WARN  by.epam.learn.LogMain - Warning ! Loggers !
2021-04-24 12:53:54 [main] ERROR by.epam.learn.LogMain - runtime
java.lang.RuntimeException: Exception 1
	at by.epam.learn.LogMain.main(LogMain.java:15) [classes/:?]
2021-04-24 12:53:58 [main] INFO  by.epam.learn.LogMain - first info first prg
2021-04-24 12:53:58 [main] WARN  by.epam.learn.LogMain - Warning ! Loggers !
2021-04-24 12:53:58 [main] ERROR by.epam.learn.LogMain - runtime
java.lang.RuntimeException: Exception 1
	at by.epam.learn.LogMain.main(LogMain.java:15) [classes/:?]
2021-04-24 12:54:00 [main] INFO  by.epam.learn.LogMain - first info first prg
2021-04-24 12:54:00 [main] WARN  by.epam.learn.LogMain - Warning ! Loggers !
2021-04-24 12:54:00 [main] ERROR by.epam.learn.LogMain - runtime
java.lang.RuntimeException: Exception 1
	at by.epam.learn.LogMain.main(LogMain.java:15) [classes/:?]
2021-04-24 12:56:28 [main] INFO  by.epam.learn.LogMain - first info first prg
2021-04-24 12:56:28 [main] WARN  by.epam.learn.LogMain - Warning ! Loggers !
2021-04-24 12:56:28 [main] ERROR by.epam.learn.LogMain - runtime
java.lang.RuntimeException: Exception 1
	at by.epam.learn.LogMain.main(LogMain.java:15) [classes/:?]
2021-04-24 12:56:31 [main] INFO  by.epam.learn.LogMain - first info first prg
2021-04-24 12:56:31 [main] WARN  by.epam.learn.LogMain - Warning ! Loggers !
2021-04-24 12:56:31 [main] ERROR by.epam.learn.LogMain - runtime
java.lang.RuntimeException: Exception 1
	at by.epam.learn.LogMain.main(LogMain.java:15) [classes/:?]
2021-04-24 12:56:33 [main] INFO  by.epam.learn.LogMain - first info first prg
2021-04-24 12:56:33 [main] WARN  by.epam.learn.LogMain - Warning ! Loggers !
2021-04-24 12:56:33 [main] ERROR by.epam.learn.LogMain - runtime
java.lang.RuntimeException: Exception 1
	at by.epam.learn.LogMain.main(LogMain.java:15) [classes/:?]
2021-04-24 12:56:35 [main] INFO  by.epam.learn.LogMain - first info first prg
2021-04-24 12:56:35 [main] WARN  by.epam.learn.LogMain - Warning ! Loggers !
2021-04-24 12:56:35 [main] ERROR by.epam.learn.LogMain - runtime
java.lang.RuntimeException: Exception 1
	at by.epam.learn.LogMain.main(LogMain.java:15) [classes/:?]
2021-04-24 12:57:20 [main] INFO  by.epam.learn.LogMain - first info first prg
2021-04-24 12:57:20 [main] WARN  by.epam.learn.LogMain - Warning ! Loggers !
2021-04-24 12:57:20 [main] ERROR by.epam.learn.LogMain - runtime
java.lang.RuntimeException: Exception 1
	at by.epam.learn.LogMain.main(LogMain.java:15) [classes/:?]
2021-04-24 12:58:00 [main] INFO  by.epam.learn.LogMain - first info first prg
2021-04-24 12:58:00 [main] WARN  by.epam.learn.LogMain - Warning ! Loggers !
2021-04-24 12:58:00 [main] ERROR by.epam.learn.LogMain - runtime
java.lang.RuntimeException: Exception 1
	at by.epam.learn.LogMain.main(LogMain.java:15) [classes/:?]
2021-04-24 12:58:15 [main] INFO  by.epam.learn.LogMain - first info first prg
2021-04-24 12:58:15 [main] WARN  by.epam.learn.LogMain - Warning ! Loggers !
2021-04-24 12:58:15 [main] ERROR by.epam.learn.LogMain - runtime
java.lang.RuntimeException: Exception 1
	at by.epam.learn.LogMain.main(LogMain.java:15) [classes/:?]
2021-04-24 12:58:18 [main] INFO  by.epam.learn.LogMain - first info first prg
2021-04-24 12:58:18 [main] WARN  by.epam.learn.LogMain - Warning ! Loggers !
2021-04-24 12:58:18 [main] ERROR by.epam.learn.LogMain - runtime
java.lang.RuntimeException: Exception 1
	at by.epam.learn.LogMain.main(LogMain.java:15) [classes/:?]
2021-04-24 12:58:22 [main] INFO  by.epam.learn.LogMain - first info first prg
2021-04-24 12:58:22 [main] WARN  by.epam.learn.LogMain - Warning ! Loggers !
2021-04-24 12:58:22 [main] ERROR by.epam.learn.LogMain - runtime
java.lang.RuntimeException: Exception 1
	at by.epam.learn.LogMain.main(LogMain.java:15) [classes/:?]
2021-04-24 12:58:29 [main] INFO  by.epam.learn.LogMain - first info first prg
2021-04-24 12:58:29 [main] WARN  by.epam.learn.LogMain - Warning ! Loggers !
2021-04-24 12:58:29 [main] ERROR by.epam.learn.LogMain - runtime
java.lang.RuntimeException: Exception 1
	at by.epam.learn.LogMain.main(LogMain.java:15) [classes/:?]
2021-04-24 12:58:32 [main] INFO  by.epam.learn.LogMain - first info first prg
2021-04-24 12:58:32 [main] WARN  by.epam.learn.LogMain - Warning ! Loggers !
2021-04-24 12:58:32 [main] ERROR by.epam.learn.LogMain - runtime
java.lang.RuntimeException: Exception 1
	at by.epam.learn.LogMain.main(LogMain.java:15) [classes/:?]
2021-04-24 12:58:39 [main] INFO  by.epam.learn.LogMain - first info first prg
2021-04-24 12:58:39 [main] WARN  by.epam.learn.LogMain - Warning ! Loggers !
2021-04-24 12:58:39 [main] ERROR by.epam.learn.LogMain - runtime
java.lang.RuntimeException: Exception 1
	at by.epam.learn.LogMain.main(LogMain.java:15) [classes/:?]
2021-04-24 12:58:49 [main] INFO  by.epam.learn.LogMain - first info first prg
2021-04-24 12:58:49 [main] WARN  by.epam.learn.LogMain - Warning ! Loggers !
2021-04-24 12:58:49 [main] ERROR by.epam.learn.LogMain - runtime
java.lang.RuntimeException: Exception 1
	at by.epam.learn.LogMain.main(LogMain.java:15) [classes/:?]
2021-04-24 13:00:44 [main] INFO  by.epam.learn.LogMain - first info first prg
2021-04-24 13:00:44 [main] WARN  by.epam.learn.LogMain - Warning ! Loggers !
2021-04-24 13:00:44 [main] ERROR by.epam.learn.LogMain - runtime
java.lang.RuntimeException: Exception 1
	at by.epam.learn.LogMain.main(LogMain.java:15) [classes/:?]
2021-04-24 13:01:06 [main] INFO  by.epam.learn.LogMain - first info first prg
2021-04-24 13:01:06 [main] WARN  by.epam.learn.LogMain - Warning ! Loggers !
2021-04-24 13:01:06 [main] ERROR by.epam.learn.LogMain - runtime
java.lang.RuntimeException: Exception 1
	at by.epam.learn.LogMain.main(LogMain.java:15) [classes/:?]
2021-04-24 13:02:02 [main] INFO  by.epam.learn.LogMain - first info first prg
2021-04-24 13:02:02 [main] WARN  by.epam.learn.LogMain - Warning ! Loggers !
2021-04-24 13:02:02 [main] ERROR by.epam.learn.LogMain - runtime
java.lang.RuntimeException: Exception 1
	at by.epam.learn.LogMain.main(LogMain.java:15) [classes/:?]
2021-04-24 13:02:35 [main] INFO  by.epam.learn.LogMain - first info first prg
2021-04-24 13:02:35 [main] WARN  by.epam.learn.LogMain - Warning ! Loggers !
2021-04-24 13:02:35 [main] ERROR by.epam.learn.LogMain - runtime
java.lang.RuntimeException: Exception 1
	at by.epam.learn.LogMain.main(LogMain.java:15) [classes/:?]
2021-04-24 13:02:39 [main] INFO  by.epam.learn.LogMain - first info first prg
2021-04-24 13:02:39 [main] WARN  by.epam.learn.LogMain - Warning ! Loggers !
2021-04-24 13:02:39 [main] ERROR by.epam.learn.LogMain - runtime
java.lang.RuntimeException: Exception 1
	at by.epam.learn.LogMain.main(LogMain.java:15) [classes/:?]
2021-04-24 13:03:23 [main] INFO  by.epam.learn.LogMain - first info first prg
2021-04-24 13:03:23 [main] WARN  by.epam.learn.LogMain - Warning ! Loggers !
2021-04-24 13:03:23 [main] ERROR by.epam.learn.LogMain - runtime
java.lang.RuntimeException: Exception 1
	at by.epam.learn.LogMain.main(LogMain.java:15) [classes/:?]
2021-04-24 13:03:35 [main] INFO  by.epam.learn.LogMain - first info first prg
2021-04-24 13:03:35 [main] WARN  by.epam.learn.LogMain - Warning ! Loggers !
2021-04-24 13:03:35 [main] ERROR by.epam.learn.LogMain - runtime
java.lang.RuntimeException: Exception 1
	at by.epam.learn.LogMain.main(LogMain.java:15) [classes/:?]
2021-04-24 13:03:45 [main] INFO  by.epam.learn.LogMain - first info first prg
2021-04-24 13:03:45 [main] WARN  by.epam.learn.LogMain - Warning ! Loggers !
2021-04-24 13:03:45 [main] ERROR by.epam.learn.LogMain - runtime
java.lang.RuntimeException: Exception 1
	at by.epam.learn.LogMain.main(LogMain.java:15) [classes/:?]
2021-04-24 13:04:00 [main] INFO  by.epam.learn.LogMain - first info first prg
2021-04-24 13:04:00 [main] WARN  by.epam.learn.LogMain - Warning ! Loggers !
2021-04-24 13:04:00 [main] ERROR by.epam.learn.LogMain - runtime
java.lang.RuntimeException: Exception 1
	at by.epam.learn.LogMain.main(LogMain.java:15) [classes/:?]
2021-04-24 13:04:07 [main] INFO  by.epam.learn.LogMain - first info first prg
2021-04-24 13:04:07 [main] WARN  by.epam.learn.LogMain - Warning ! Loggers !
2021-04-24 13:04:07 [main] ERROR by.epam.learn.LogMain - runtime
java.lang.RuntimeException: Exception 1
	at by.epam.learn.LogMain.main(LogMain.java:15) [classes/:?]
2021-04-24 13:04:10 [main] INFO  by.epam.learn.LogMain - first info first prg
2021-04-24 13:04:10 [main] WARN  by.epam.learn.LogMain - Warning ! Loggers !
2021-04-24 13:04:10 [main] ERROR by.epam.learn.LogMain - runtime
java.lang.RuntimeException: Exception 1
	at by.epam.learn.LogMain.main(LogMain.java:15) [classes/:?]
2021-04-24 13:04:13 [main] INFO  by.epam.learn.LogMain - first info first prg
2021-04-24 13:04:13 [main] WARN  by.epam.learn.LogMain - Warning ! Loggers !
2021-04-24 13:04:13 [main] ERROR by.epam.learn.LogMain - runtime
java.lang.RuntimeException: Exception 1
	at by.epam.learn.LogMain.main(LogMain.java:15) [classes/:?]
2021-04-24 13:04:33 [main] INFO  by.epam.learn.LogMain - first info first prg
2021-04-24 13:04:33 [main] WARN  by.epam.learn.LogMain - Warning ! Loggers !
2021-04-24 13:04:33 [main] ERROR by.epam.learn.LogMain - runtime
java.lang.RuntimeException: Exception 1
	at by.epam.learn.LogMain.main(LogMain.java:15) [classes/:?]
2021-04-24 13:04:37 [main] INFO  by.epam.learn.LogMain - first info first prg
2021-04-24 13:04:37 [main] WARN  by.epam.learn.LogMain - Warning ! Loggers !
2021-04-24 13:04:37 [main] ERROR by.epam.learn.LogMain - runtime
java.lang.RuntimeException: Exception 1
	at by.epam.learn.LogMain.main(LogMain.java:15) [classes/:?]
2021-04-24 13:04:49 [main] INFO  by.epam.learn.LogMain - first info first prg
2021-04-24 13:04:49 [main] WARN  by.epam.learn.LogMain - Warning ! Loggers !
2021-04-24 13:04:49 [main] ERROR by.epam.learn.LogMain - runtime
java.lang.RuntimeException: Exception 1
	at by.epam.learn.LogMain.main(LogMain.java:15) [classes/:?]
2021-04-24 13:04:54 [main] INFO  by.epam.learn.LogMain - first info first prg
2021-04-24 13:04:54 [main] WARN  by.epam.learn.LogMain - Warning ! Loggers !
2021-04-24 13:04:54 [main] ERROR by.epam.learn.LogMain - runtime
java.lang.RuntimeException: Exception 1
	at by.epam.learn.LogMain.main(LogMain.java:15) [classes/:?]
2021-04-24 13:04:57 [main] INFO  by.epam.learn.LogMain - first info first prg
2021-04-24 13:04:57 [main] WARN  by.epam.learn.LogMain - Warning ! Loggers !
2021-04-24 13:04:57 [main] ERROR by.epam.learn.LogMain - runtime
java.lang.RuntimeException: Exception 1
	at by.epam.learn.LogMain.main(LogMain.java:15) [classes/:?]
2021-04-24 13:05:00 [main] INFO  by.epam.learn.LogMain - first info first prg
2021-04-24 13:05:00 [main] WARN  by.epam.learn.LogMain - Warning ! Loggers !
2021-04-24 13:05:00 [main] ERROR by.epam.learn.LogMain - runtime
java.lang.RuntimeException: Exception 1
	at by.epam.learn.LogMain.main(LogMain.java:15) [classes/:?]
2021-04-24 13:05:04 [main] INFO  by.epam.learn.LogMain - first info first prg
2021-04-24 13:05:04 [main] WARN  by.epam.learn.LogMain - Warning ! Loggers !
2021-04-24 13:05:04 [main] ERROR by.epam.learn.LogMain - runtime
java.lang.RuntimeException: Exception 1
	at by.epam.learn.LogMain.main(LogMain.java:15) [classes/:?]
2021-04-24 13:05:32 [main] INFO  by.epam.learn.LogMain - first info first prg
2021-04-24 13:05:32 [main] WARN  by.epam.learn.LogMain - Warning ! Loggers !
2021-04-24 13:05:32 [main] ERROR by.epam.learn.LogMain - runtime
java.lang.RuntimeException: Exception 1
	at by.epam.learn.LogMain.main(LogMain.java:15) [classes/:?]
2021-04-24 13:05:36 [main] INFO  by.epam.learn.LogMain - first info first prg
2021-04-24 13:05:36 [main] WARN  by.epam.learn.LogMain - Warning ! Loggers !
2021-04-24 13:05:36 [main] ERROR by.epam.learn.LogMain - runtime
java.lang.RuntimeException: Exception 1
	at by.epam.learn.LogMain.main(LogMain.java:15) [classes/:?]
2021-04-24 13:15:17 [main] INFO  by.epam.learn.LogMain - first info first prg
2021-04-24 13:15:17 [main] WARN  by.epam.learn.LogMain - Warning ! Loggers !
2021-04-24 13:15:17 [main] ERROR by.epam.learn.LogMain - runtime
java.lang.RuntimeException: Exception 1
	at by.epam.learn.LogMain.main(LogMain.java:15) [classes/:?]
2021-04-24 13:15:22 [main] INFO  by.epam.learn.LogMain - first info first prg
2021-04-24 13:15:22 [main] WARN  by.epam.learn.LogMain - Warning ! Loggers !
2021-04-24 13:15:22 [main] ERROR by.epam.learn.LogMain - runtime
java.lang.RuntimeException: Exception 1
	at by.epam.learn.LogMain.main(LogMain.java:15) [classes/:?]
2021-04-24 13:15:25 [main] INFO  by.epam.learn.LogMain - first info first prg
2021-04-24 13:15:25 [main] WARN  by.epam.learn.LogMain - Warning ! Loggers !
2021-04-24 13:15:25 [main] ERROR by.epam.learn.LogMain - runtime
java.lang.RuntimeException: Exception 1
	at by.epam.learn.LogMain.main(LogMain.java:15) [classes/:?]
2021-04-24 13:15:28 [main] INFO  by.epam.learn.LogMain - first info first prg
2021-04-24 13:15:28 [main] WARN  by.epam.learn.LogMain - Warning ! Loggers !
2021-04-24 13:15:28 [main] ERROR by.epam.learn.LogMain - runtime
java.lang.RuntimeException: Exception 1
	at by.epam.learn.LogMain.main(LogMain.java:15) [classes/:?]
2021-04-24 13:15:31 [main] INFO  by.epam.learn.LogMain - first info first prg
2021-04-24 13:15:31 [main] WARN  by.epam.learn.LogMain - Warning ! Loggers !
2021-04-24 13:15:31 [main] ERROR by.epam.learn.LogMain - runtime
java.lang.RuntimeException: Exception 1
	at by.epam.learn.LogMain.main(LogMain.java:15) [classes/:?]
2021-04-24 13:15:33 [main] INFO  by.epam.learn.LogMain - first info first prg
2021-04-24 13:15:33 [main] WARN  by.epam.learn.LogMain - Warning ! Loggers !
2021-04-24 13:15:33 [main] ERROR by.epam.learn.LogMain - runtime
java.lang.RuntimeException: Exception 1
	at by.epam.learn.LogMain.main(LogMain.java:15) [classes/:?]
2021-04-24 13:15:36 [main] INFO  by.epam.learn.LogMain - first info first prg
2021-04-24 13:15:36 [main] WARN  by.epam.learn.LogMain - Warning ! Loggers !
2021-04-24 13:15:36 [main] ERROR by.epam.learn.LogMain - runtime
java.lang.RuntimeException: Exception 1
	at by.epam.learn.LogMain.main(LogMain.java:15) [classes/:?]
2021-04-24 13:15:40 [main] INFO  by.epam.learn.LogMain - first info first prg
2021-04-24 13:15:40 [main] WARN  by.epam.learn.LogMain - Warning ! Loggers !
2021-04-24 13:15:40 [main] ERROR by.epam.learn.LogMain - runtime
java.lang.RuntimeException: Exception 1
	at by.epam.learn.LogMain.main(LogMain.java:15) [classes/:?]
2021-04-24 13:15:43 [main] INFO  by.epam.learn.LogMain - first info first prg
2021-04-24 13:15:43 [main] WARN  by.epam.learn.LogMain - Warning ! Loggers !
2021-04-24 13:15:43 [main] ERROR by.epam.learn.LogMain - runtime
java.lang.RuntimeException: Exception 1
	at by.epam.learn.LogMain.main(LogMain.java:15) [classes/:?]
